{
  "stats": {
    "suites": 1,
    "tests": 2,
    "passes": 1,
    "pending": 1,
    "failures": 0,
    "start": "2020-12-08T22:22:58.088Z",
    "end": "2020-12-08T22:23:09.920Z",
    "duration": 11832,
    "testsRegistered": 2,
    "passPercent": 100,
    "pendingPercent": 50,
    "other": 0,
    "hasOther": false,
    "skipped": 0,
    "hasSkipped": false
  },
  "results": [
    {
      "uuid": "8a0dd372-1a77-4935-9e31-bca65767f45d",
      "title": "",
      "fullFile": "cypress\\integration\\bdd-integeration\\GoogleSearch\\GoogleSearch.feature",
      "file": "cypress\\integration\\bdd-integeration\\GoogleSearch\\GoogleSearch.feature",
      "beforeHooks": [],
      "afterHooks": [],
      "tests": [],
      "suites": [
        {
          "uuid": "1ff2de6e-ff02-4fca-83f4-56cc08d06817",
          "title": "Learning BDD Cucumber Integration With Cypress",
          "fullFile": "",
          "file": "",
          "beforeHooks": [],
          "afterHooks": [],
          "tests": [
            {
              "title": "First Cucumber-Cypress Integration",
              "fullTitle": "Learning BDD Cucumber Integration With Cypress First Cucumber-Cypress Integration",
              "timedOut": null,
              "duration": 8409,
              "state": "passed",
              "speed": "slow",
              "pass": true,
              "fail": false,
              "pending": false,
              "context": null,
              "code": "const state = window.testState;\nreturn cy\n  .then(() => state.onStartScenario(scenario, indexedSteps))\n  .then(() =>\n    resolveAndRunBeforeHooks.call(this, scenario.tags, state.feature.name)\n  )\n  .then(() =>\n    indexedSteps.forEach((step) =>\n      stepTest.call(this, state, step, rowData)\n    )\n  )\n  .then(() =>\n    resolveAndRunAfterHooks.call(this, scenario.tags, state.feature.name)\n  )\n  .then(() => state.onFinishScenario(scenario));",
              "err": {},
              "uuid": "93839089-1500-4bb8-bcb3-7e3c346361af",
              "parentUUID": "1ff2de6e-ff02-4fca-83f4-56cc08d06817",
              "isHook": false,
              "skipped": false
            },
            {
              "title": "Second Cucumber-Cypress Integration",
              "fullTitle": "Learning BDD Cucumber Integration With Cypress Second Cucumber-Cypress Integration",
              "timedOut": null,
              "duration": 35,
              "state": "pending",
              "speed": null,
              "pass": false,
              "fail": false,
              "pending": false,
              "context": null,
              "code": "// register this scenario with the cucumber data collector\n// but don't run it\n// Tell mocha this is a skipped test so it also shows correctly in Cypress\nconst state = window.testState;\ncy.then(() => state.onStartScenario(scenario, indexedSteps))\n  .then(() => state.onFinishScenario(scenario))\n  // eslint-disable-next-line func-names\n  .then(function () {\n    return this.skip();\n  });",
              "err": {
                "message": "CypressError: sync skip; aborting execution",
                "estack": "[object Object]\nFrom Your Spec Code:\n    at Context.eval (https://duckduckgo.com/__cypress/tests?p=cypress\\integration\\bdd-integeration\\GoogleSearch\\GoogleSearch.feature:12999:10)\nFrom Your Spec Code:\n    at Context.eval (https://duckduckgo.com/__cypress/tests?p=cypress\\integration\\bdd-integeration\\GoogleSearch\\GoogleSearch.feature:12999:10)",
                "diff": null
              },
              "uuid": "70a3c0ef-7867-4c21-88ee-fbad814d60fe",
              "parentUUID": "1ff2de6e-ff02-4fca-83f4-56cc08d06817",
              "isHook": false,
              "skipped": true
            }
          ],
          "suites": [],
          "passes": [
            "93839089-1500-4bb8-bcb3-7e3c346361af"
          ],
          "failures": [],
          "pending": [],
          "skipped": [
            "70a3c0ef-7867-4c21-88ee-fbad814d60fe"
          ],
          "duration": 8444,
          "root": false,
          "rootEmpty": false,
          "_timeout": 2000
        }
      ],
      "passes": [],
      "failures": [],
      "pending": [],
      "skipped": [],
      "duration": 0,
      "root": true,
      "rootEmpty": true,
      "_timeout": 2000
    }
  ],
  "meta": {
    "mocha": {
      "version": "7.0.1"
    },
    "mochawesome": {
      "options": {
        "quiet": false,
        "reportFilename": "mochawesome",
        "saveHtml": true,
        "saveJson": true,
        "consoleReporter": "spec",
        "useInlineDiffs": false,
        "code": true
      },
      "version": "6.2.1"
    },
    "marge": {
      "options": null,
      "version": "5.1.0"
    }
  }
}