{
  "stats": {
    "suites": 1,
    "tests": 2,
    "passes": 2,
    "pending": 0,
    "failures": 0,
    "start": "2021-01-29T17:46:08.514Z",
    "end": "2021-01-29T17:46:24.039Z",
    "duration": 15525,
    "testsRegistered": 2,
    "passPercent": 100,
    "pendingPercent": 0,
    "other": 0,
    "hasOther": false,
    "skipped": 0,
    "hasSkipped": false
  },
  "results": [
    {
      "uuid": "4ee26d97-6b48-464f-9dc6-1d377bd009be",
      "title": "",
      "fullFile": "cypress\\integration\\bdd-integeration\\GoogleSearch\\GoogleSearch.feature",
      "file": "cypress\\integration\\bdd-integeration\\GoogleSearch\\GoogleSearch.feature",
      "beforeHooks": [],
      "afterHooks": [],
      "tests": [],
      "suites": [
        {
          "uuid": "e740f4b4-38f7-455f-ac2d-b8293194984f",
          "title": "Learning BDD Cucumber Integration With Cypress",
          "fullFile": "",
          "file": "",
          "beforeHooks": [],
          "afterHooks": [],
          "tests": [
            {
              "title": "First Cucumber-Cypress Integration",
              "fullTitle": "Learning BDD Cucumber Integration With Cypress First Cucumber-Cypress Integration",
              "timedOut": null,
              "duration": 11046,
              "state": "passed",
              "speed": "slow",
              "pass": true,
              "fail": false,
              "pending": false,
              "context": null,
              "code": "const state = window.testState;\nreturn cy\n  .then(() => state.onStartScenario(scenario, indexedSteps))\n  .then(() =>\n    resolveAndRunBeforeHooks.call(this, scenario.tags, state.feature.name)\n  )\n  .then(() =>\n    indexedSteps.forEach((step) =>\n      stepTest.call(this, state, step, rowData)\n    )\n  )\n  .then(() =>\n    resolveAndRunAfterHooks.call(this, scenario.tags, state.feature.name)\n  )\n  .then(() => state.onFinishScenario(scenario));",
              "err": {},
              "uuid": "7b2e8b8e-0993-467d-b6c1-a59c5b4e551a",
              "parentUUID": "e740f4b4-38f7-455f-ac2d-b8293194984f",
              "isHook": false,
              "skipped": false
            },
            {
              "title": "Second Cucumber-Cypress Integration",
              "fullTitle": "Learning BDD Cucumber Integration With Cypress Second Cucumber-Cypress Integration",
              "timedOut": null,
              "duration": 821,
              "state": "passed",
              "speed": "slow",
              "pass": true,
              "fail": false,
              "pending": false,
              "context": null,
              "code": "const state = window.testState;\nreturn cy\n  .then(() => state.onStartScenario(scenario, indexedSteps))\n  .then(() =>\n    resolveAndRunBeforeHooks.call(this, scenario.tags, state.feature.name)\n  )\n  .then(() =>\n    indexedSteps.forEach((step) =>\n      stepTest.call(this, state, step, rowData)\n    )\n  )\n  .then(() =>\n    resolveAndRunAfterHooks.call(this, scenario.tags, state.feature.name)\n  )\n  .then(() => state.onFinishScenario(scenario));",
              "err": {},
              "uuid": "bfda45f3-05a7-41d4-b353-0068d2697e5c",
              "parentUUID": "e740f4b4-38f7-455f-ac2d-b8293194984f",
              "isHook": false,
              "skipped": false
            }
          ],
          "suites": [],
          "passes": [
            "7b2e8b8e-0993-467d-b6c1-a59c5b4e551a",
            "bfda45f3-05a7-41d4-b353-0068d2697e5c"
          ],
          "failures": [],
          "pending": [],
          "skipped": [],
          "duration": 11867,
          "root": false,
          "rootEmpty": false,
          "_timeout": 2000
        }
      ],
      "passes": [],
      "failures": [],
      "pending": [],
      "skipped": [],
      "duration": 0,
      "root": true,
      "rootEmpty": true,
      "_timeout": 2000
    }
  ],
  "meta": {
    "mocha": {
      "version": "7.0.1"
    },
    "mochawesome": {
      "options": {
        "quiet": false,
        "reportFilename": "mochawesome",
        "saveHtml": true,
        "saveJson": true,
        "consoleReporter": "spec",
        "useInlineDiffs": false,
        "code": true
      },
      "version": "6.2.1"
    },
    "marge": {
      "options": null,
      "version": "5.1.0"
    }
  }
}